StarterActivity2/starterActivity/build/outputs/logs/manifest-merger-debug-report.txt
-- Merging decision tree log ---
manifest
ADDED from src/main/AndroidManifest.xml:2:1-42:12
	package
		ADDED from src/main/AndroidManifest.xml:4:5-47
		INJECTED from src/main/AndroidManifest.xml
		INJECTED from src/main/AndroidManifest.xml
	android:versionName
		ADDED from src/main/AndroidManifest.xml:6:5-30
	xmlns:tools
		ADDED from src/main/AndroidManifest.xml:3:5-51
	android:versionCode
		ADDED from src/main/AndroidManifest.xml:5:5-28
		INJECTED from src/main/AndroidManifest.xml
		INJECTED from src/main/AndroidManifest.xml
	xmlns:android
		ADDED from src/main/AndroidManifest.xml:2:11-69
uses-sdk
ADDED from src/main/AndroidManifest.xml:8:5-11:61
MERGED from [com.android.support:multidex:1.0.1] AndroidManifest.xml:18:5-42
MERGED from [StarterActivity2:openxc:unspecified] AndroidManifest.xml:7:5-9:41
MERGED from [com.jjoe64:graphview:4.0.1] AndroidManifest.xml:7:5-9:41
MERGED from [com.getpebble:pebblekit:3.0.0] AndroidManifest.xml:7:5-9:41
MERGED from [com.android.support:appcompat-v7:23.1.1] AndroidManifest.xml:20:5-43
	tools:overrideLibrary
		ADDED from src/main/AndroidManifest.xml:11:9-58
	android:targetSdkVersion
		ADDED from src/main/AndroidManifest.xml:10:9-38
		INJECTED from src/main/AndroidManifest.xml
		INJECTED from src/main/AndroidManifest.xml
	android:minSdkVersion
		ADDED from src/main/AndroidManifest.xml:9:9-35
		INJECTED from src/main/AndroidManifest.xml
		INJECTED from src/main/AndroidManifest.xml
uses-permission#android.permission.WRITE_EXTERNAL_STORAGE
ADDED from src/main/AndroidManifest.xml:13:5-81
	android:name
		ADDED from src/main/AndroidManifest.xml:13:22-78
uses-permission#android.permission.READ_PHONE_STATE
ADDED from src/main/AndroidManifest.xml:14:5-75
	android:name
		ADDED from src/main/AndroidManifest.xml:14:22-72
uses-permission#android.permission.READ_EXTERNAL_STORAGE
ADDED from src/main/AndroidManifest.xml:15:5-80
	android:name
		ADDED from src/main/AndroidManifest.xml:15:22-77
application
ADDED from src/main/AndroidManifest.xml:17:5-40:19
MERGED from [com.jjoe64:graphview:4.0.1] AndroidManifest.xml:11:5-12:19
MERGED from [com.android.support:appcompat-v7:23.1.1] AndroidManifest.xml:22:5-20
	android:label
		ADDED from src/main/AndroidManifest.xml:20:9-41
	android:allowBackup
		ADDED from src/main/AndroidManifest.xml:18:9-35
	android:icon
		ADDED from src/main/AndroidManifest.xml:19:9-45
	android:theme
		ADDED from src/main/AndroidManifest.xml:21:9-40
activity#com.openxc.openxcstarter.StarterActivity
ADDED from src/main/AndroidManifest.xml:22:9-31:20
	android:screenOrientation
		ADDED from src/main/AndroidManifest.xml:25:13-49
	android:label
		ADDED from src/main/AndroidManifest.xml:24:13-45
	android:name
		ADDED from src/main/AndroidManifest.xml:23:13-68
intent-filter#android.intent.action.MAIN+android.intent.category.LAUNCHER
ADDED from src/main/AndroidManifest.xml:26:13-30:29
action#android.intent.action.MAIN
ADDED from src/main/AndroidManifest.xml:27:17-69
	android:name
		ADDED from src/main/AndroidManifest.xml:27:25-66
category#android.intent.category.LAUNCHER
ADDED from src/main/AndroidManifest.xml:29:17-77
	android:name
		ADDED from src/main/AndroidManifest.xml:29:27-74
activity#com.openxc.openxcstarter.GraphingActivity
ADDED from src/main/AndroidManifest.xml:32:9-35:61
	android:screenOrientation
		ADDED from src/main/AndroidManifest.xml:35:13-49
	android:label
		ADDED from src/main/AndroidManifest.xml:34:13-45
	android:name
		ADDED from src/main/AndroidManifest.xml:33:13-69
service#com.openxc.VehicleManager
ADDED from src/main/AndroidManifest.xml:37:9-61
	android:name
		ADDED from src/main/AndroidManifest.xml:37:18-58
activity#com.openxc.openxcstarter.SettingsActivity
ADDED from src/main/AndroidManifest.xml:39:9-87
	android:name
		ADDED from src/main/AndroidManifest.xml:39:19-75
uses-permission#android.permission.ACCESS_MOCK_LOCATION
ADDED from [StarterActivity2:openxc:unspecified] AndroidManifest.xml:11:5-79
	android:name
		ADDED from [StarterActivity2:openxc:unspecified] AndroidManifest.xml:11:22-76
uses-permission#android.permission.ACCESS_FINE_LOCATION
ADDED from [StarterActivity2:openxc:unspecified] AndroidManifest.xml:12:5-79
	android:name
		ADDED from [StarterActivity2:openxc:unspecified] AndroidManifest.xml:12:22-76
service#com.openxc.remote.VehicleService
ADDED from [StarterActivity2:openxc:unspecified] AndroidManifest.xml:15:5-17:37
	android:process
		ADDED from [StarterActivity2:openxc:unspecified] AndroidManifest.xml:17:9-34
	android:name
		ADDED from [StarterActivity2:openxc:unspecified] AndroidManifest.xml:16:9-56